
    type: ValidatorError: Path `type` is required.
        at validate (C:\Users\sebas\Dropbox\PROGRAMACION\CODERHOUSE\FULLSTACK\4.BackEnd\ProyectoFinal__BackEnd\node_modules\mongoose\lib\schematype.js:1346:13)
        at SchemaType.doValidate (C:\Users\sebas\Dropbox\PROGRAMACION\CODERHOUSE\FULLSTACK\4.BackEnd\ProyectoFinal__BackEnd\node_modules\mongoose\lib\schematype.js:1330:7)
        at C:\Users\sebas\Dropbox\PROGRAMACION\CODERHOUSE\FULLSTACK\4.BackEnd\ProyectoFinal__BackEnd\node_modules\mongoose\lib\document.js:2903:18
        at process.processTicksAndRejections (node:internal/process/task_queues:77:11) {
      properties: [Object],
      kind: 'required',
      path: 'type',
      value: undefined,
      reason: undefined,
      [Symbol(mongoose:validatorError)]: true
    },
    email: ValidatorError: Path `email` is required.
        at validate (C:\Users\sebas\Dropbox\PROGRAMACION\CODERHOUSE\FULLSTACK\4.BackEnd\ProyectoFinal__BackEnd\node_modules\mongoose\lib\schematype.js:1346:13)
        at SchemaType.doValidate (C:\Users\sebas\Dropbox\PROGRAMACION\CODERHOUSE\FULLSTACK\4.BackEnd\ProyectoFinal__BackEnd\node_modules\mongoose\lib\schematype.js:1330:7)
        at C:\Users\sebas\Dropbox\PROGRAMACION\CODERHOUSE\FULLSTACK\4.BackEnd\ProyectoFinal__BackEnd\node_modules\mongoose\lib\document.js:2903:18
        at process.processTicksAndRejections (node:internal/process/task_queues:77:11) {
      properties: [Object],
      kind: 'required',
      path: 'email',
      value: undefined,
      reason: undefined,
      [Symbol(mongoose:validatorError)]: true
    }
  },
  _message: 'Chats validation failed'
}
[2022-12-14T16:55:11.085] [ERROR] default - Error: Chats validation failed: date: Path `date` is required.
    at ValidationError.inspect (C:\Users\sebas\Dropbox\PROGRAMACION\CODERHOUSE\FULLSTACK\4.BackEnd\ProyectoFinal__BackEnd\node_modules\mongoose\lib\error\validation.js:50:26)
    at formatValue (node:internal/util/inspect:790:19)
    at inspect (node:internal/util/inspect:350:10)
    at formatWithOptionsInternal (node:internal/util/inspect:2241:40)
    at Object.format (node:internal/util/inspect:2098:10)
    at basicLayout (C:\Users\sebas\Dropbox\PROGRAMACION\CODERHOUSE\FULLSTACK\4.BackEnd\ProyectoFinal__BackEnd\node_modules\log4js\lib\layouts.js:65:52)
    at app (C:\Users\sebas\Dropbox\PROGRAMACION\CODERHOUSE\FULLSTACK\4.BackEnd\ProyectoFinal__BackEnd\node_modules\log4js\lib\appenders\file.js:98:23)
    at C:\Users\sebas\Dropbox\PROGRAMACION\CODERHOUSE\FULLSTACK\4.BackEnd\ProyectoFinal__BackEnd\node_modules\log4js\lib\appenders\logLevelFilter.js:10:7
    at C:\Users\sebas\Dropbox\PROGRAMACION\CODERHOUSE\FULLSTACK\4.BackEnd\ProyectoFinal__BackEnd\node_modules\log4js\lib\log4js.js:43:5
    at Array.forEach (<anonymous>) {
  errors: {
    date: ValidatorError: Path `date` is required.
        at validate (C:\Users\sebas\Dropbox\PROGRAMACION\CODERHOUSE\FULLSTACK\4.BackEnd\ProyectoFinal__BackEnd\node_modules\mongoose\lib\schematype.js:1346:13)
        at SchemaType.doValidate (C:\Users\sebas\Dropbox\PROGRAMACION\CODERHOUSE\FULLSTACK\4.BackEnd\ProyectoFinal__BackEnd\node_modules\mongoose\lib\schematype.js:1330:7)
        at C:\Users\sebas\Dropbox\PROGRAMACION\CODERHOUSE\FULLSTACK\4.BackEnd\ProyectoFinal__BackEnd\node_modules\mongoose\lib\document.js:2903:18
        at process.processTicksAndRejections (node:internal/process/task_queues:77:11) {
      properties: [Object],
      kind: 'required',
      path: 'date',
      value: undefined,
      reason: undefined,
      [Symbol(mongoose:validatorError)]: true
    }
  },
  _message: 'Chats validation failed'
}
[2022-12-14T18:35:36.494] [ERROR] default - CastError: Cast to ObjectId failed for value "{
  user: '6398762d29db16acbb6f17ed',
  date: '14/12/2022, 18:35:36',
  body: 'hola'
}" (type Object) at path "_id" for model "Usuarios"
    at model.Query.exec (C:\Users\sebas\Dropbox\PROGRAMACION\CODERHOUSE\FULLSTACK\4.BackEnd\ProyectoFinal__BackEnd\node_modules\mongoose\lib\query.js:4897:21)
    at Query.then (C:\Users\sebas\Dropbox\PROGRAMACION\CODERHOUSE\FULLSTACK\4.BackEnd\ProyectoFinal__BackEnd\node_modules\mongoose\lib\query.js:4996:15)
    at process.processTicksAndRejections (node:internal/process/task_queues:95:5) {
  messageFormat: undefined,
  stringValue: '"{\n' +
    "  user: '6398762d29db16acbb6f17ed',\n" +
    "  date: '14/12/2022, 18:35:36',\n" +
    "  body: 'hola'\n" +
    '}"',
  kind: 'ObjectId',
  value: {
    user: '6398762d29db16acbb6f17ed',
    date: '14/12/2022, 18:35:36',
    body: 'hola'
  },
  path: '_id',
  reason: BSONTypeError: Argument passed in must be a string of 12 bytes or a string of 24 hex characters or an integer
      at new BSONTypeError (C:\Users\sebas\Dropbox\PROGRAMACION\CODERHOUSE\FULLSTACK\4.BackEnd\ProyectoFinal__BackEnd\node_modules\bson\lib\error.js:41:28)
      at new ObjectId (C:\Users\sebas\Dropbox\PROGRAMACION\CODERHOUSE\FULLSTACK\4.BackEnd\ProyectoFinal__BackEnd\node_modules\bson\lib\objectid.js:67:23)
      at castObjectId (C:\Users\sebas\Dropbox\PROGRAMACION\CODERHOUSE\FULLSTACK\4.BackEnd\ProyectoFinal__BackEnd\node_modules\mongoose\lib\cast\objectid.js:25:12)
      at ObjectId.cast (C:\Users\sebas\Dropbox\PROGRAMACION\CODERHOUSE\FULLSTACK\4.BackEnd\ProyectoFinal__BackEnd\node_modules\mongoose\lib\schema\objectid.js:246:12)
      at SchemaType.applySetters (C:\Users\sebas\Dropbox\PROGRAMACION\CODERHOUSE\FULLSTACK\4.BackEnd\ProyectoFinal__BackEnd\node_modules\mongoose\lib\schematype.js:1201:12)
      at SchemaType._castForQuery (C:\Users\sebas\Dropbox\PROGRAMACION\CODERHOUSE\FULLSTACK\4.BackEnd\ProyectoFinal__BackEnd\node_modules\mongoose\lib\schematype.js:1648:15)
      at SchemaType.castForQuery (C:\Users\sebas\Dropbox\PROGRAMACION\CODERHOUSE\FULLSTACK\4.BackEnd\ProyectoFinal__BackEnd\node_modules\mongoose\lib\schematype.js:1636:15)
      at SchemaType.castForQueryWrapper (C:\Users\sebas\Dropbox\PROGRAMACION\CODERHOUSE\FULLSTACK\4.BackEnd\ProyectoFinal__BackEnd\node_modules\mongoose\lib\schematype.js:1612:20)
      at cast (C:\Users\sebas\Dropbox\PROGRAMACION\CODERHOUSE\FULLSTACK\4.BackEnd\ProyectoFinal__BackEnd\node_modules\mongoose\lib\cast.js:286:34)
      at Query.cast (C:\Users\sebas\Dropbox\PROGRAMACION\CODERHOUSE\FULLSTACK\4.BackEnd\ProyectoFinal__BackEnd\node_modules\mongoose\lib\query.js:5325:12),
  valueType: 'Object'
}
[2023-01-10T22:52:02.190] [ERROR] default - Error: Usuarios validation failed: photo: Path `photo` is required., phone: Path `phone` is required.
    at ValidationError.inspect (C:\Users\sebas\Dropbox\PROGRAMACION\CODERHOUSE\FULLSTACK\4.BackEnd\ProyectoFinal__BackEnd\node_modules\mongoose\lib\error\validation.js:50:26)
    at formatValue (node:internal/util/inspect:790:19)
    at inspect (node:internal/util/inspect:350:10)
    at formatWithOptionsInternal (node:internal/util/inspect:2241:40)
    at Object.format (node:internal/util/inspect:2098:10)
    at basicLayout (C:\Users\sebas\Dropbox\PROGRAMACION\CODERHOUSE\FULLSTACK\4.BackEnd\ProyectoFinal__BackEnd\node_modules\log4js\lib\layouts.js:65:52)
    at app (C:\Users\sebas\Dropbox\PROGRAMACION\CODERHOUSE\FULLSTACK\4.BackEnd\ProyectoFinal__BackEnd\node_modules\log4js\lib\appenders\file.js:98:23)
    at C:\Users\sebas\Dropbox\PROGRAMACION\CODERHOUSE\FULLSTACK\4.BackEnd\ProyectoFinal__BackEnd\node_modules\log4js\lib\appenders\logLevelFilter.js:10:7
    at C:\Users\sebas\Dropbox\PROGRAMACION\CODERHOUSE\FULLSTACK\4.BackEnd\ProyectoFinal__BackEnd\node_modules\log4js\lib\log4js.js:43:5
    at Array.forEach (<anonymous>) {
  errors: {
    photo: ValidatorError: Path `photo` is required.
        at validate (C:\Users\sebas\Dropbox\PROGRAMACION\CODERHOUSE\FULLSTACK\4.BackEnd\ProyectoFinal__BackEnd\node_modules\mongoose\lib\schematype.js:1346:13)
        at SchemaType.doValidate (C:\Users\sebas\Dropbox\PROGRAMACION\CODERHOUSE\FULLSTACK\4.BackEnd\ProyectoFinal__BackEnd\node_modules\mongoose\lib\schematype.js:1330:7)
        at C:\Users\sebas\Dropbox\PROGRAMACION\CODERHOUSE\FULLSTACK\4.BackEnd\ProyectoFinal__BackEnd\node_modules\mongoose\lib\document.js:2903:18
        at process.processTicksAndRejections (node:internal/process/task_queues:77:11) {
      properties: [Object],
      kind: 'required',
      path: 'photo',
      value: undefined,
      reason: undefined,
      [Symbol(mongoose:validatorError)]: true
    },
    phone: ValidatorError: Path `phone` is required.
        at validate (C:\Users\sebas\Dropbox\PROGRAMACION\CODERHOUSE\FULLSTACK\4.BackEnd\ProyectoFinal__BackEnd\node_modules\mongoose\lib\schematype.js:1346:13)
        at SchemaType.doValidate (C:\Users\sebas\Dropbox\PROGRAMACION\CODERHOUSE\FULLSTACK\4.BackEnd\ProyectoFinal__BackEnd\node_modules\mongoose\lib\schematype.js:1330:7)
        at C:\Users\sebas\Dropbox\PROGRAMACION\CODERHOUSE\FULLSTACK\4.BackEnd\ProyectoFinal__BackEnd\node_modules\mongoose\lib\document.js:2903:18
        at process.processTicksAndRejections (node:internal/process/task_queues:77:11) {
      properties: [Object],
      kind: 'required',
      path: 'phone',
      value: '+54 381 663-6350',
      reason: undefined,
      [Symbol(mongoose:validatorError)]: true
    }
  },
  _message: 'Usuarios validation failed'
}
[2023-01-10T23:21:21.619] [ERROR] default - Error: Usuarios validation failed: photo: Path `photo` is required., phone: Path `phone` is required.
    at ValidationError.inspect (C:\Users\sebas\Dropbox\PROGRAMACION\CODERHOUSE\FULLSTACK\4.BackEnd\ProyectoFinal__BackEnd\node_modules\mongoose\lib\error\validation.js:50:26)
    at formatValue (node:internal/util/inspect:790:19)
    at inspect (node:internal/util/inspect:350:10)
    at formatWithOptionsInternal (node:internal/util/inspect:2241:40)
    at Object.format (node:internal/util/inspect:2098:10)
    at basicLayout (C:\Users\sebas\Dropbox\PROGRAMACION\CODERHOUSE\FULLSTACK\4.BackEnd\ProyectoFinal__BackEnd\node_modules\log4js\lib\layouts.js:65:52)
    at app (C:\Users\sebas\Dropbox\PROGRAMACION\CODERHOUSE\FULLSTACK\4.BackEnd\ProyectoFinal__BackEnd\node_modules\log4js\lib\appenders\file.js:98:23)
    at C:\Users\sebas\Dropbox\PROGRAMACION\CODERHOUSE\FULLSTACK\4.BackEnd\ProyectoFinal__BackEnd\node_modules\log4js\lib\appenders\logLevelFilter.js:10:7
    at C:\Users\sebas\Dropbox\PROGRAMACION\CODERHOUSE\FULLSTACK\4.BackEnd\ProyectoFinal__BackEnd\node_modules\log4js\lib\log4js.js:43:5
    at Array.forEach (<anonymous>) {
  errors: {
    photo: ValidatorError: Path `photo` is required.
        at validate (C:\Users\sebas\Dropbox\PROGRAMACION\CODERHOUSE\FULLSTACK\4.BackEnd\ProyectoFinal__BackEnd\node_modules\mongoose\lib\schematype.js:1346:13)
        at SchemaType.doValidate (C:\Users\sebas\Dropbox\PROGRAMACION\CODERHOUSE\FULLSTACK\4.BackEnd\ProyectoFinal__BackEnd\node_modules\mongoose\lib\schematype.js:1330:7)
        at C:\Users\sebas\Dropbox\PROGRAMACION\CODERHOUSE\FULLSTACK\4.BackEnd\ProyectoFinal__BackEnd\node_modules\mongoose\lib\document.js:2903:18
        at process.processTicksAndRejections (node:internal/process/task_queues:77:11) {
      properties: [Object],
      kind: 'required',
      path: 'photo',
      value: undefined,
      reason: undefined,
      [Symbol(mongoose:validatorError)]: true
    },
    phone: ValidatorError: Path `phone` is required.
        at validate (C:\Users\sebas\Dropbox\PROGRAMACION\CODERHOUSE\FULLSTACK\4.BackEnd\ProyectoFinal__BackEnd\node_modules\mongoose\lib\schematype.js:1346:13)
        at SchemaType.doValidate (C:\Users\sebas\Dropbox\PROGRAMACION\CODERHOUSE\FULLSTACK\4.BackEnd\ProyectoFinal__BackEnd\node_modules\mongoose\lib\schematype.js:1330:7)
        at C:\Users\sebas\Dropbox\PROGRAMACION\CODERHOUSE\FULLSTACK\4.BackEnd\ProyectoFinal__BackEnd\node_modules\mongoose\lib\document.js:2903:18
        at process.processTicksAndRejections (node:internal/process/task_queues:77:11) {
      properties: [Object],
      kind: 'required',
      path: 'phone',
      value: '+54 381 663-6350',
      reason: undefined,
      [Symbol(mongoose:validatorError)]: true
    }
  },
  _message: 'Usuarios validation failed'
}
[2023-01-12T20:51:30.859] [ERROR] default - Error: Invalid atomic update value for $set. Expected an object, received undefined
    at castUpdate (C:\Users\sebas\Dropbox\PROGRAMACION\CODERHOUSE\FULLSTACK\4.BackEnd\ProyectoFinal__BackEnd\node_modules\mongoose\lib\helpers\query\castUpdate.js:98:13)
    at model.Query._castUpdate (C:\Users\sebas\Dropbox\PROGRAMACION\CODERHOUSE\FULLSTACK\4.BackEnd\ProyectoFinal__BackEnd\node_modules\mongoose\lib\query.js:5110:10)
    at model.Query._updateThunk (C:\Users\sebas\Dropbox\PROGRAMACION\CODERHOUSE\FULLSTACK\4.BackEnd\ProyectoFinal__BackEnd\node_modules\mongoose\lib\query.js:4249:27)
    at model.Query.<anonymous> (C:\Users\sebas\Dropbox\PROGRAMACION\CODERHOUSE\FULLSTACK\4.BackEnd\ProyectoFinal__BackEnd\node_modules\mongoose\lib\query.js:4363:23)
    at model.Query._wrappedThunk [as _updateOne] (C:\Users\sebas\Dropbox\PROGRAMACION\CODERHOUSE\FULLSTACK\4.BackEnd\ProyectoFinal__BackEnd\node_modules\mongoose\lib\helpers\query\wrapThunk.js:29:8)
    at C:\Users\sebas\Dropbox\PROGRAMACION\CODERHOUSE\FULLSTACK\4.BackEnd\ProyectoFinal__BackEnd\node_modules\kareem\index.js:494:25
    at process.processTicksAndRejections (node:internal/process/task_queues:77:11)
